Fri Dec  6 04:02:52 IST 2024
cn23
/scratch/data/d22cs051/madhav/Adobe/LLaVA_Finetune
Fri Dec  6 04:02:52 2024       
+---------------------------------------------------------------------------------------+
| NVIDIA-SMI 535.154.05             Driver Version: 535.154.05   CUDA Version: 12.2     |
|-----------------------------------------+----------------------+----------------------+
| GPU  Name                 Persistence-M | Bus-Id        Disp.A | Volatile Uncorr. ECC |
| Fan  Temp   Perf          Pwr:Usage/Cap |         Memory-Usage | GPU-Util  Compute M. |
|                                         |                      |               MIG M. |
|=========================================+======================+======================|
|   0  NVIDIA A30                     On  | 00000000:81:00.0 Off |                    0 |
| N/A   32C    P0              28W / 165W |      0MiB / 24576MiB |      0%      Default |
|                                         |                      |             Disabled |
+-----------------------------------------+----------------------+----------------------+
                                                                                         
+---------------------------------------------------------------------------------------+
| Processes:                                                                            |
|  GPU   GI   CI        PID   Type   Process name                            GPU Memory |
|        ID   ID                                                             Usage      |
|=======================================================================================|
|  No running processes found                                                           |
+---------------------------------------------------------------------------------------+
Processing image 1/5: 1.png
Processing image 2/5: 2.png
Processing image 3/5: 3.png
Processing image 4/5: 4.png
Processing image 5/5: 5.png
Processing complete. Results saved in /scratch/data/d22cs051/madhav/Adobe/LLaVA_Finetune/test_adobe/results/0_test_out.
Processed data has been saved to output.json
